<?xml version="1.0" encoding="UTF-8"?>
<!-- Generated by org.testng.reporters.JUnitReportReporter -->
<testsuite hostname="Aryans-MacBook-Pro.local" failures="0" tests="1" name="com.aryan.LoginServletTest" time="0.161" errors="0" timestamp="2025-03-08T18:12:40 IST" skipped="0">
  <testcase classname="com.aryan.LoginServletTest" name="testLoginSuccess" time="0.161"/>
</testsuite> <!-- com.aryan.LoginServletTest -->
