<?xml version="1.0" encoding="UTF-8"?>
<!-- Generated by org.testng.reporters.JUnitReportReporter -->
<testsuite hostname="Aryans-MacBook-Pro.local" failures="0" tests="2" name="runners.TestRunner" time="6.121" errors="0" timestamp="2025-03-08T18:12:40 IST" skipped="0">
  <testcase classname="runners.TestRunner" name="runScenario" time="1.824"/>
  <testcase classname="runners.TestRunner" name="runScenario" time="4.297"/>
</testsuite> <!-- runners.TestRunner -->
